# JRE version: OpenJDK Runtime Environment Temurin-17.0.8.1+1 (17.0.8.1+1) (build 17.0.8.1+1)
# Java VM: OpenJDK 64-Bit Server VM Temurin-17.0.8.1+1 (17.0.8.1+1, mixed mode, tiered, compressed oops, compressed class ptrs, g1 gc, linux-amd64)
GC Precious Log:
 CPUs: 4 total, 4 available
 Memory: 15899M
 Large Page Support: Disabled
 NUMA Support: Disabled
 Compressed Oops: Enabled (Zero based)
 Heap Region Size: 2M
 Heap Min Capacity: 8M
 Heap Initial Capacity: 250M
 Heap Max Capacity: 3976M
 Pre-touch: Disabled
 Parallel Workers: 4
 Concurrent Workers: 1
 Concurrent Refinement Workers: 4
 Periodic GC: Disabled
Heap:
 garbage-first heap   total 34816K, used 13220K [0x0000000707800000, 0x0000000800000000)
  region size 2048K, 4 young (8192K), 1 survivors (2048K)
 Metaspace       used 25324K, committed 25600K, reserved 1114112K
  class space    used 2746K, committed 2880K, reserved 1048576K
GC Heap History (12 events):
Event: 0.470 GC heap before
{Heap before GC invocations=0 (full 0):
 garbage-first heap   total 256000K, used 12288K [0x0000000707800000, 0x0000000800000000)
  region size 2048K, 6 young (12288K), 0 survivors (0K)
 Metaspace       used 13083K, committed 13248K, reserved 1114112K
  class space    used 1218K, committed 1344K, reserved 1048576K
}
Event: 0.478 GC heap after
{Heap after GC invocations=1 (full 0):
 garbage-first heap   total 256000K, used 3634K [0x0000000707800000, 0x0000000800000000)
  region size 2048K, 1 young (2048K), 1 survivors (2048K)
 Metaspace       used 13083K, committed 13248K, reserved 1114112K
  class space    used 1218K, committed 1344K, reserved 1048576K
}
Event: 0.680 GC heap before
{Heap before GC invocations=1 (full 0):
 garbage-first heap   total 256000K, used 13874K [0x0000000707800000, 0x0000000800000000)
  region size 2048K, 6 young (12288K), 1 survivors (2048K)
 Metaspace       used 15730K, committed 15872K, reserved 1114112K
  class space    used 1575K, committed 1664K, reserved 1048576K
}
Event: 0.684 GC heap after
{Heap after GC invocations=2 (full 0):
 garbage-first heap   total 256000K, used 4314K [0x0000000707800000, 0x0000000800000000)
  region size 2048K, 1 young (2048K), 1 survivors (2048K)
 Metaspace       used 15730K, committed 15872K, reserved 1114112K
  class space    used 1575K, committed 1664K, reserved 1048576K
}
Event: 1.195 GC heap before
{Heap before GC invocations=2 (full 0):
 garbage-first heap   total 256000K, used 32986K [0x0000000707800000, 0x0000000800000000)
  region size 2048K, 15 young (30720K), 1 survivors (2048K)
 Metaspace       used 20248K, committed 20352K, reserved 1114112K
  class space    used 2134K, committed 2176K, reserved 1048576K
}
Event: 1.198 GC heap after
{Heap after GC invocations=3 (full 0):
 garbage-first heap   total 256000K, used 5781K [0x0000000707800000, 0x0000000800000000)
  region size 2048K, 1 young (2048K), 1 survivors (2048K)
 Metaspace       used 20248K, committed 20352K, reserved 1114112K
  class space    used 2134K, committed 2176K, reserved 1048576K
}
Event: 1.306 GC heap before
{Heap before GC invocations=3 (full 0):
 garbage-first heap   total 256000K, used 9877K [0x0000000707800000, 0x0000000800000000)
  region size 2048K, 4 young (8192K), 1 survivors (2048K)
 Metaspace       used 21400K, committed 21504K, reserved 1114112K
  class space    used 2282K, committed 2304K, reserved 1048576K
}
Event: 1.308 GC heap after
{Heap after GC invocations=4 (full 0):
 garbage-first heap   total 256000K, used 6216K [0x0000000707800000, 0x0000000800000000)
  region size 2048K, 2 young (4096K), 2 survivors (4096K)
 Metaspace       used 21400K, committed 21504K, reserved 1114112K
  class space    used 2282K, committed 2304K, reserved 1048576K
}
Event: 1.733 GC heap before
{Heap before GC invocations=5 (full 0):
 garbage-first heap   total 34816K, used 24648K [0x0000000707800000, 0x0000000800000000)
  region size 2048K, 12 young (24576K), 2 survivors (4096K)
 Metaspace       used 25205K, committed 25408K, reserved 1114112K
  class space    used 2743K, committed 2880K, reserved 1048576K
}
Event: 1.738 GC heap after
{Heap after GC invocations=6 (full 0):
 garbage-first heap   total 34816K, used 8265K [0x0000000707800000, 0x0000000800000000)
  region size 2048K, 3 young (6144K), 3 survivors (6144K)
 Metaspace       used 25205K, committed 25408K, reserved 1114112K
  class space    used 2743K, committed 2880K, reserved 1048576K
}
Event: 1.756 GC heap before
{Heap before GC invocations=6 (full 0):
 garbage-first heap   total 34816K, used 10313K [0x0000000707800000, 0x0000000800000000)
  region size 2048K, 4 young (8192K), 3 survivors (6144K)
 Metaspace       used 25240K, committed 25472K, reserved 1114112K
  class space    used 2744K, committed 2880K, reserved 1048576K
}
Event: 1.763 GC heap after
{Heap after GC invocations=7 (full 0):
 garbage-first heap   total 34816K, used 9124K [0x0000000707800000, 0x0000000800000000)
  region size 2048K, 1 young (2048K), 1 survivors (2048K)
 Metaspace       used 25240K, committed 25472K, reserved 1114112K
  class space    used 2744K, committed 2880K, reserved 1048576K
}

